{
  "RSpec": {
    "coverage": {
      "/Users/Gala/ada-class/farmar/far_mar_finder/lib/far_mar_finder.rb": [
        1,
        1,
        1,
        1,
        1,
        1,
        null,
        null,
        1,
        null,
        1,
        12,
        null,
        null,
        1,
        16,
        null,
        null,
        1,
        13,
        null,
        null,
        1,
        13,
        null,
        null,
        null,
        null
      ],
      "/Users/Gala/ada-class/farmar/far_mar_finder/lib/sales.rb": [
        1,
        1,
        1,
        12798,
        12798,
        12798,
        12798,
        12798,
        null,
        null,
        1,
        12,
        null,
        null,
        1,
        1,
        12798,
        null,
        null,
        null,
        1,
        9,
        9,
        null,
        null,
        null,
        1,
        0,
        0,
        null,
        null,
        null,
        1,
        0,
        0,
        null,
        null,
        null,
        1,
        0,
        0,
        null,
        null,
        null,
        1,
        0,
        0,
        null,
        0,
        0,
        null,
        null,
        null,
        1,
        0,
        0,
        null,
        null,
        null,
        1,
        0,
        0,
        0,
        0,
        0,
        null,
        0,
        null,
        null,
        1,
        0,
        null,
        null,
        1,
        1,
        null,
        null,
        1,
        1,
        null,
        null
      ],
      "/Users/Gala/ada-class/farmar/far_mar_finder/lib/vendors.rb": [
        1,
        1,
        1,
        2690,
        2690,
        2690,
        2690,
        null,
        null,
        1,
        15,
        null,
        null,
        1,
        1,
        2690,
        null,
        null,
        null,
        1,
        11,
        47,
        null,
        null,
        null,
        1,
        0,
        0,
        null,
        null,
        null,
        1,
        0,
        0,
        null,
        null,
        null,
        1,
        0,
        0,
        null,
        null,
        null,
        1,
        1,
        2690,
        null,
        null,
        null,
        1,
        0,
        0,
        null,
        null,
        null,
        1,
        0,
        0,
        null,
        null,
        null,
        1,
        0,
        null,
        null,
        1,
        0,
        0,
        0,
        null,
        0,
        null,
        null,
        1,
        1,
        1,
        null,
        null,
        null,
        1,
        1,
        8193,
        null,
        null,
        null,
        1,
        1,
        12798,
        null,
        null,
        null,
        1,
        0,
        0,
        0,
        0,
        null,
        0,
        null,
        null,
        1,
        0,
        0,
        0,
        null,
        0,
        null,
        null
      ],
      "/Users/Gala/ada-class/farmar/far_mar_finder/lib/products.rb": [
        1,
        1,
        null,
        1,
        8193,
        8193,
        8193,
        null,
        null,
        1,
        11,
        null,
        null,
        1,
        1,
        8193,
        null,
        null,
        null,
        1,
        8,
        279,
        null,
        null,
        null,
        1,
        0,
        0,
        null,
        null,
        null,
        1,
        1,
        8193,
        null,
        null,
        null,
        1,
        0,
        0,
        0,
        0,
        0,
        0,
        null,
        null,
        null,
        0,
        null,
        null,
        1,
        0,
        0,
        null,
        null,
        null,
        1,
        0,
        0,
        null,
        null,
        null,
        1,
        0,
        null,
        null,
        1,
        1,
        21,
        null,
        null,
        null,
        1,
        1,
        12798,
        null,
        null,
        null,
        1,
        0,
        0,
        0,
        0,
        null,
        0,
        null,
        null
      ],
      "/Users/Gala/ada-class/farmar/far_mar_finder/lib/market.rb": [
        1,
        1,
        null,
        1,
        501,
        501,
        501,
        501,
        501,
        501,
        501,
        null,
        null,
        1,
        10,
        null,
        null,
        1,
        1,
        500,
        null,
        null,
        null,
        1,
        8,
        8,
        null,
        null,
        null,
        1,
        0,
        0,
        null,
        null,
        null,
        1,
        0,
        0,
        null,
        null,
        null,
        1,
        0,
        0,
        null,
        null,
        null,
        1,
        0,
        0,
        null,
        null,
        null,
        1,
        0,
        0,
        0,
        0,
        0,
        0,
        0,
        null,
        null,
        null,
        0,
        null,
        null,
        1,
        0,
        null,
        null,
        1,
        0,
        null,
        null,
        1,
        1,
        2690,
        null,
        null,
        null,
        1,
        0,
        0,
        null,
        0,
        null,
        null,
        null,
        1,
        0,
        0,
        0,
        0,
        0,
        0,
        null,
        null,
        0,
        null,
        null,
        1,
        0,
        0,
        0,
        0,
        0,
        0,
        null,
        null,
        0,
        null,
        null,
        1,
        0,
        0,
        0,
        0,
        0,
        0,
        0,
        null,
        null,
        null,
        0,
        0,
        0,
        0,
        0,
        0,
        0,
        null,
        0,
        null,
        null,
        0,
        0,
        0,
        0,
        null,
        null,
        0,
        null,
        null,
        null,
        1,
        null,
        0,
        null,
        null
      ]
    },
    "timestamp": 1384550354
  }
}
